mode: set
github.com/triardn/panganggo/commons/jwt.go:34.54,39.2 1 0
github.com/triardn/panganggo/commons/jwt.go:41.89,43.16 2 0
github.com/triardn/panganggo/commons/jwt.go:43.16,45.3 1 0
github.com/triardn/panganggo/commons/jwt.go:48.2,62.16 4 0
github.com/triardn/panganggo/commons/jwt.go:62.16,64.3 1 0
github.com/triardn/panganggo/commons/jwt.go:66.2,66.8 1 0
github.com/triardn/panganggo/commons/jwt.go:69.64,71.16 2 0
github.com/triardn/panganggo/commons/jwt.go:71.16,73.3 1 0
github.com/triardn/panganggo/commons/jwt.go:75.2,75.82 1 0
github.com/triardn/panganggo/commons/jwt.go:75.82,76.62 1 0
github.com/triardn/panganggo/commons/jwt.go:76.62,78.4 1 0
github.com/triardn/panganggo/commons/jwt.go:80.3,80.18 1 0
github.com/triardn/panganggo/commons/jwt.go:82.2,82.16 1 0
github.com/triardn/panganggo/commons/jwt.go:82.16,84.3 1 0
github.com/triardn/panganggo/commons/jwt.go:86.2,87.23 2 0
github.com/triardn/panganggo/commons/jwt.go:87.23,89.3 1 0
github.com/triardn/panganggo/commons/jwt.go:91.2,97.18 2 0
github.com/triardn/panganggo/commons/jwt.mock.gen.go:26.51,30.2 3 0
github.com/triardn/panganggo/commons/jwt.mock.gen.go:33.49,35.2 1 0
github.com/triardn/panganggo/commons/jwt.mock.gen.go:38.83,44.2 5 0
github.com/triardn/panganggo/commons/jwt.mock.gen.go:47.80,50.2 2 0
github.com/triardn/panganggo/commons/jwt.mock.gen.go:53.68,59.2 5 0
github.com/triardn/panganggo/commons/jwt.mock.gen.go:62.78,65.2 2 0
github.com/triardn/panganggo/commons/password.go:10.42,17.16 2 0
github.com/triardn/panganggo/commons/password.go:17.16,19.3 1 0
github.com/triardn/panganggo/commons/password.go:23.2,23.21 1 0
github.com/triardn/panganggo/commons/password.go:26.73,31.16 3 1
github.com/triardn/panganggo/commons/password.go:31.16,34.3 2 0
github.com/triardn/panganggo/commons/password.go:36.2,36.13 1 1
github.com/triardn/panganggo/commons/password.go:39.38,48.33 2 1
github.com/triardn/panganggo/commons/password.go:48.33,50.3 1 1
github.com/triardn/panganggo/commons/password.go:52.2,52.25 1 1
github.com/triardn/panganggo/commons/password.go:52.25,53.10 1 1
github.com/triardn/panganggo/commons/password.go:54.30,55.19 1 1
github.com/triardn/panganggo/commons/password.go:56.30,57.19 1 1
github.com/triardn/panganggo/commons/password.go:58.31,59.20 1 1
github.com/triardn/panganggo/commons/password.go:60.56,61.21 1 1
github.com/triardn/panganggo/commons/password.go:65.2,65.72 1 1
github.com/triardn/panganggo/handler/endpoints.go:17.55,19.51 2 0
github.com/triardn/panganggo/handler/endpoints.go:19.51,21.3 1 0
github.com/triardn/panganggo/handler/endpoints.go:24.2,25.21 2 0
github.com/triardn/panganggo/handler/endpoints.go:25.21,32.3 2 0
github.com/triardn/panganggo/handler/endpoints.go:35.2,36.16 2 0
github.com/triardn/panganggo/handler/endpoints.go:36.16,39.3 2 0
github.com/triardn/panganggo/handler/endpoints.go:41.2,41.13 1 0
github.com/triardn/panganggo/handler/endpoints.go:41.13,43.3 1 0
github.com/triardn/panganggo/handler/endpoints.go:46.2,53.16 3 0
github.com/triardn/panganggo/handler/endpoints.go:53.16,56.3 2 0
github.com/triardn/panganggo/handler/endpoints.go:58.2,58.38 1 0
github.com/triardn/panganggo/handler/endpoints.go:61.48,63.48 2 0
github.com/triardn/panganggo/handler/endpoints.go:63.48,65.3 1 0
github.com/triardn/panganggo/handler/endpoints.go:68.2,69.16 2 0
github.com/triardn/panganggo/handler/endpoints.go:69.16,70.27 1 0
github.com/triardn/panganggo/handler/endpoints.go:70.27,72.4 1 0
github.com/triardn/panganggo/handler/endpoints.go:74.3,75.152 2 0
github.com/triardn/panganggo/handler/endpoints.go:79.2,79.78 1 0
github.com/triardn/panganggo/handler/endpoints.go:79.78,81.3 1 0
github.com/triardn/panganggo/handler/endpoints.go:84.2,85.16 2 0
github.com/triardn/panganggo/handler/endpoints.go:85.16,88.3 2 0
github.com/triardn/panganggo/handler/endpoints.go:91.2,92.16 2 0
github.com/triardn/panganggo/handler/endpoints.go:92.16,94.3 1 0
github.com/triardn/panganggo/handler/endpoints.go:96.2,96.90 1 0
github.com/triardn/panganggo/handler/endpoints.go:99.68,101.9 2 0
github.com/triardn/panganggo/handler/endpoints.go:101.9,103.3 1 0
github.com/triardn/panganggo/handler/endpoints.go:105.2,105.118 1 0
github.com/triardn/panganggo/handler/endpoints.go:108.56,110.9 2 0
github.com/triardn/panganggo/handler/endpoints.go:110.9,112.3 1 0
github.com/triardn/panganggo/handler/endpoints.go:114.2,115.56 2 0
github.com/triardn/panganggo/handler/endpoints.go:115.56,117.3 1 0
github.com/triardn/panganggo/handler/endpoints.go:120.2,122.42 2 0
github.com/triardn/panganggo/handler/endpoints.go:122.42,124.3 1 0
github.com/triardn/panganggo/handler/endpoints.go:126.2,126.45 1 0
github.com/triardn/panganggo/handler/endpoints.go:126.45,128.3 1 0
github.com/triardn/panganggo/handler/endpoints.go:131.2,131.31 1 0
github.com/triardn/panganggo/handler/endpoints.go:131.31,133.15 2 0
github.com/triardn/panganggo/handler/endpoints.go:133.15,136.4 2 0
github.com/triardn/panganggo/handler/endpoints.go:139.3,140.17 2 0
github.com/triardn/panganggo/handler/endpoints.go:140.17,143.4 2 0
github.com/triardn/panganggo/handler/endpoints.go:145.3,145.14 1 0
github.com/triardn/panganggo/handler/endpoints.go:145.14,147.4 1 0
github.com/triardn/panganggo/handler/endpoints.go:150.2,151.16 2 0
github.com/triardn/panganggo/handler/endpoints.go:151.16,154.3 2 0
github.com/triardn/panganggo/handler/endpoints.go:156.2,156.100 1 0
github.com/triardn/panganggo/handler/endpoints.go:159.93,165.16 4 0
github.com/triardn/panganggo/handler/endpoints.go:165.16,168.3 2 0
github.com/triardn/panganggo/handler/endpoints.go:171.2,177.8 5 0
github.com/triardn/panganggo/handler/endpoints.go:185.79,186.45 1 0
github.com/triardn/panganggo/handler/endpoints.go:186.45,191.3 3 0
github.com/triardn/panganggo/handler/endpoints.go:193.2,193.21 1 0
github.com/triardn/panganggo/handler/endpoints.go:196.79,198.14 2 0
github.com/triardn/panganggo/handler/endpoints.go:198.14,203.3 3 0
github.com/triardn/panganggo/handler/endpoints.go:205.2,205.21 1 0
github.com/triardn/panganggo/handler/endpoints.go:208.85,210.52 2 0
github.com/triardn/panganggo/handler/endpoints.go:210.52,212.3 1 0
github.com/triardn/panganggo/handler/endpoints.go:214.2,214.28 1 0
github.com/triardn/panganggo/handler/endpoints.go:214.28,216.22 2 0
github.com/triardn/panganggo/handler/endpoints.go:216.22,218.4 1 0
github.com/triardn/panganggo/handler/endpoints.go:222.2,222.22 1 0
github.com/triardn/panganggo/handler/endpoints.go:222.22,224.23 2 0
github.com/triardn/panganggo/handler/endpoints.go:224.23,226.4 1 0
github.com/triardn/panganggo/handler/endpoints.go:226.9,228.4 1 0
github.com/triardn/panganggo/handler/endpoints.go:230.3,230.9 1 0
github.com/triardn/panganggo/handler/endpoints.go:233.2,233.21 1 0
github.com/triardn/panganggo/handler/endpoints.go:236.73,241.14 3 0
github.com/triardn/panganggo/handler/endpoints.go:241.14,243.3 1 0
github.com/triardn/panganggo/handler/endpoints.go:246.2,247.14 2 0
github.com/triardn/panganggo/handler/endpoints.go:247.14,249.3 1 0
github.com/triardn/panganggo/handler/endpoints.go:249.9,251.3 0 0
github.com/triardn/panganggo/handler/endpoints.go:254.2,255.14 2 0
github.com/triardn/panganggo/handler/endpoints.go:255.14,257.3 1 0
github.com/triardn/panganggo/handler/endpoints.go:260.2,260.31 1 0
github.com/triardn/panganggo/handler/endpoints.go:260.31,261.41 1 0
github.com/triardn/panganggo/handler/endpoints.go:261.41,263.4 1 0
github.com/triardn/panganggo/handler/endpoints.go:266.2,266.8 1 0
github.com/triardn/panganggo/handler/server.go:18.47,23.2 1 0
github.com/triardn/panganggo/repository/implementations.go:9.108,12.16 3 1
github.com/triardn/panganggo/repository/implementations.go:12.16,14.3 1 1
github.com/triardn/panganggo/repository/implementations.go:16.2,16.8 1 1
github.com/triardn/panganggo/repository/implementations.go:19.127,21.16 2 1
github.com/triardn/panganggo/repository/implementations.go:21.16,23.3 1 1
github.com/triardn/panganggo/repository/implementations.go:25.2,25.8 1 1
github.com/triardn/panganggo/repository/implementations.go:28.79,31.40 3 1
github.com/triardn/panganggo/repository/implementations.go:31.40,33.3 1 1
github.com/triardn/panganggo/repository/implementations.go:35.2,35.26 1 1
github.com/triardn/panganggo/repository/implementations.go:35.26,38.17 2 1
github.com/triardn/panganggo/repository/implementations.go:38.17,40.4 1 1
github.com/triardn/panganggo/repository/implementations.go:42.3,42.13 1 1
github.com/triardn/panganggo/repository/implementations.go:46.2,47.16 2 1
github.com/triardn/panganggo/repository/implementations.go:47.16,49.3 1 1
github.com/triardn/panganggo/repository/implementations.go:51.2,51.12 1 1
github.com/triardn/panganggo/repository/implementations.go:54.107,57.40 3 1
github.com/triardn/panganggo/repository/implementations.go:57.40,59.3 1 1
github.com/triardn/panganggo/repository/implementations.go:61.2,61.26 1 1
github.com/triardn/panganggo/repository/implementations.go:61.26,63.3 1 1
github.com/triardn/panganggo/repository/implementations.go:65.2,65.18 1 1
github.com/triardn/panganggo/repository/implementations.go:68.109,71.26 2 1
github.com/triardn/panganggo/repository/implementations.go:71.26,73.3 1 1
github.com/triardn/panganggo/repository/implementations.go:75.2,75.29 1 1
github.com/triardn/panganggo/repository/implementations.go:75.29,76.27 1 1
github.com/triardn/panganggo/repository/implementations.go:76.27,78.4 1 1
github.com/triardn/panganggo/repository/implementations.go:78.9,80.4 1 1
github.com/triardn/panganggo/repository/implementations.go:83.2,84.16 2 1
github.com/triardn/panganggo/repository/implementations.go:84.16,86.3 1 1
github.com/triardn/panganggo/repository/implementations.go:88.2,88.18 1 1
github.com/triardn/panganggo/repository/interfaces.mock.gen.go:26.83,30.2 3 0
github.com/triardn/panganggo/repository/interfaces.mock.gen.go:33.81,35.2 1 0
github.com/triardn/panganggo/repository/interfaces.mock.gen.go:38.108,44.2 5 0
github.com/triardn/panganggo/repository/interfaces.mock.gen.go:47.109,50.2 2 0
github.com/triardn/panganggo/repository/interfaces.mock.gen.go:53.119,59.2 5 0
github.com/triardn/panganggo/repository/interfaces.mock.gen.go:62.97,65.2 2 0
github.com/triardn/panganggo/repository/interfaces.mock.gen.go:68.139,74.2 5 0
github.com/triardn/panganggo/repository/interfaces.mock.gen.go:77.117,80.2 2 0
github.com/triardn/panganggo/repository/interfaces.mock.gen.go:83.110,89.2 5 0
github.com/triardn/panganggo/repository/interfaces.mock.gen.go:92.94,95.2 2 0
github.com/triardn/panganggo/repository/interfaces.mock.gen.go:98.92,103.2 4 0
github.com/triardn/panganggo/repository/interfaces.mock.gen.go:106.104,109.2 2 0
github.com/triardn/panganggo/repository/interfaces.mock.gen.go:112.110,118.2 5 0
github.com/triardn/panganggo/repository/interfaces.mock.gen.go:121.99,124.2 2 0
github.com/triardn/panganggo/repository/repository.go:18.59,20.16 2 1
github.com/triardn/panganggo/repository/repository.go:20.16,21.13 1 0
github.com/triardn/panganggo/repository/repository.go:23.2,25.3 1 1
