mode: set
github.com/triardn/panganggo/commons/jwt.go:34.54,39.2 1 0
github.com/triardn/panganggo/commons/jwt.go:41.89,43.16 2 0
github.com/triardn/panganggo/commons/jwt.go:43.16,45.3 1 0
github.com/triardn/panganggo/commons/jwt.go:48.2,62.16 4 0
github.com/triardn/panganggo/commons/jwt.go:62.16,64.3 1 0
github.com/triardn/panganggo/commons/jwt.go:66.2,66.8 1 0
github.com/triardn/panganggo/commons/jwt.go:69.64,71.16 2 0
github.com/triardn/panganggo/commons/jwt.go:71.16,73.3 1 0
github.com/triardn/panganggo/commons/jwt.go:75.2,75.82 1 0
github.com/triardn/panganggo/commons/jwt.go:75.82,76.62 1 0
github.com/triardn/panganggo/commons/jwt.go:76.62,78.4 1 0
github.com/triardn/panganggo/commons/jwt.go:80.3,80.18 1 0
github.com/triardn/panganggo/commons/jwt.go:82.2,82.16 1 0
github.com/triardn/panganggo/commons/jwt.go:82.16,84.3 1 0
github.com/triardn/panganggo/commons/jwt.go:86.2,87.23 2 0
github.com/triardn/panganggo/commons/jwt.go:87.23,89.3 1 0
github.com/triardn/panganggo/commons/jwt.go:91.2,97.18 2 0
github.com/triardn/panganggo/commons/jwt.mock.gen.go:26.51,30.2 3 0
github.com/triardn/panganggo/commons/jwt.mock.gen.go:33.49,35.2 1 0
github.com/triardn/panganggo/commons/jwt.mock.gen.go:38.83,44.2 5 0
github.com/triardn/panganggo/commons/jwt.mock.gen.go:47.80,50.2 2 0
github.com/triardn/panganggo/commons/jwt.mock.gen.go:53.68,59.2 5 0
github.com/triardn/panganggo/commons/jwt.mock.gen.go:62.78,65.2 2 0
github.com/triardn/panganggo/commons/password.go:10.42,17.16 2 0
github.com/triardn/panganggo/commons/password.go:17.16,19.3 1 0
github.com/triardn/panganggo/commons/password.go:23.2,23.21 1 0
github.com/triardn/panganggo/commons/password.go:26.73,31.16 3 1
github.com/triardn/panganggo/commons/password.go:31.16,34.3 2 0
github.com/triardn/panganggo/commons/password.go:36.2,36.13 1 1
github.com/triardn/panganggo/commons/password.go:39.38,48.33 2 1
github.com/triardn/panganggo/commons/password.go:48.33,50.3 1 1
github.com/triardn/panganggo/commons/password.go:52.2,52.25 1 1
github.com/triardn/panganggo/commons/password.go:52.25,53.10 1 1
github.com/triardn/panganggo/commons/password.go:54.30,55.19 1 1
github.com/triardn/panganggo/commons/password.go:56.30,57.19 1 1
github.com/triardn/panganggo/commons/password.go:58.31,59.20 1 1
github.com/triardn/panganggo/commons/password.go:60.56,61.21 1 1
github.com/triardn/panganggo/commons/password.go:65.2,65.72 1 1
github.com/triardn/panganggo/handler/endpoints.go:19.78,23.2 3 0
github.com/triardn/panganggo/handler/endpoints.go:25.55,27.51 2 1
github.com/triardn/panganggo/handler/endpoints.go:27.51,29.3 1 0
github.com/triardn/panganggo/handler/endpoints.go:32.2,33.21 2 1
github.com/triardn/panganggo/handler/endpoints.go:33.21,40.3 2 1
github.com/triardn/panganggo/handler/endpoints.go:43.2,44.16 2 0
github.com/triardn/panganggo/handler/endpoints.go:44.16,47.3 2 0
github.com/triardn/panganggo/handler/endpoints.go:49.2,49.13 1 0
github.com/triardn/panganggo/handler/endpoints.go:49.13,51.3 1 0
github.com/triardn/panganggo/handler/endpoints.go:54.2,61.16 3 0
github.com/triardn/panganggo/handler/endpoints.go:61.16,64.3 2 0
github.com/triardn/panganggo/handler/endpoints.go:66.2,66.38 1 0
github.com/triardn/panganggo/handler/endpoints.go:69.48,71.48 2 0
github.com/triardn/panganggo/handler/endpoints.go:71.48,73.3 1 0
github.com/triardn/panganggo/handler/endpoints.go:76.2,77.16 2 0
github.com/triardn/panganggo/handler/endpoints.go:77.16,78.27 1 0
github.com/triardn/panganggo/handler/endpoints.go:78.27,80.4 1 0
github.com/triardn/panganggo/handler/endpoints.go:82.3,83.152 2 0
github.com/triardn/panganggo/handler/endpoints.go:87.2,87.78 1 0
github.com/triardn/panganggo/handler/endpoints.go:87.78,89.3 1 0
github.com/triardn/panganggo/handler/endpoints.go:92.2,93.16 2 0
github.com/triardn/panganggo/handler/endpoints.go:93.16,96.3 2 0
github.com/triardn/panganggo/handler/endpoints.go:99.2,100.16 2 0
github.com/triardn/panganggo/handler/endpoints.go:100.16,102.3 1 0
github.com/triardn/panganggo/handler/endpoints.go:104.2,104.90 1 0
github.com/triardn/panganggo/handler/endpoints.go:107.68,109.9 2 0
github.com/triardn/panganggo/handler/endpoints.go:109.9,111.3 1 0
github.com/triardn/panganggo/handler/endpoints.go:113.2,113.118 1 0
github.com/triardn/panganggo/handler/endpoints.go:116.56,118.9 2 0
github.com/triardn/panganggo/handler/endpoints.go:118.9,120.3 1 0
github.com/triardn/panganggo/handler/endpoints.go:122.2,123.56 2 0
github.com/triardn/panganggo/handler/endpoints.go:123.56,125.3 1 0
github.com/triardn/panganggo/handler/endpoints.go:128.2,130.42 2 0
github.com/triardn/panganggo/handler/endpoints.go:130.42,132.3 1 0
github.com/triardn/panganggo/handler/endpoints.go:134.2,134.45 1 0
github.com/triardn/panganggo/handler/endpoints.go:134.45,136.3 1 0
github.com/triardn/panganggo/handler/endpoints.go:139.2,139.31 1 0
github.com/triardn/panganggo/handler/endpoints.go:139.31,141.15 2 0
github.com/triardn/panganggo/handler/endpoints.go:141.15,144.4 2 0
github.com/triardn/panganggo/handler/endpoints.go:147.3,148.17 2 0
github.com/triardn/panganggo/handler/endpoints.go:148.17,151.4 2 0
github.com/triardn/panganggo/handler/endpoints.go:153.3,153.14 1 0
github.com/triardn/panganggo/handler/endpoints.go:153.14,155.4 1 0
github.com/triardn/panganggo/handler/endpoints.go:158.2,159.16 2 0
github.com/triardn/panganggo/handler/endpoints.go:159.16,162.3 2 0
github.com/triardn/panganggo/handler/endpoints.go:164.2,164.100 1 0
github.com/triardn/panganggo/handler/endpoints.go:167.93,173.16 4 0
github.com/triardn/panganggo/handler/endpoints.go:173.16,176.3 2 0
github.com/triardn/panganggo/handler/endpoints.go:179.2,185.8 5 0
github.com/triardn/panganggo/handler/endpoints.go:193.79,194.45 1 1
github.com/triardn/panganggo/handler/endpoints.go:194.45,199.3 3 0
github.com/triardn/panganggo/handler/endpoints.go:201.2,201.21 1 1
github.com/triardn/panganggo/handler/endpoints.go:204.79,206.14 2 1
github.com/triardn/panganggo/handler/endpoints.go:206.14,211.3 3 1
github.com/triardn/panganggo/handler/endpoints.go:213.2,213.21 1 0
github.com/triardn/panganggo/handler/endpoints.go:216.85,218.52 2 1
github.com/triardn/panganggo/handler/endpoints.go:218.52,220.3 1 0
github.com/triardn/panganggo/handler/endpoints.go:222.2,222.28 1 1
github.com/triardn/panganggo/handler/endpoints.go:222.28,224.22 2 1
github.com/triardn/panganggo/handler/endpoints.go:224.22,226.4 1 0
github.com/triardn/panganggo/handler/endpoints.go:230.2,230.22 1 1
github.com/triardn/panganggo/handler/endpoints.go:230.22,232.23 2 0
github.com/triardn/panganggo/handler/endpoints.go:232.23,234.4 1 0
github.com/triardn/panganggo/handler/endpoints.go:234.9,236.4 1 0
github.com/triardn/panganggo/handler/endpoints.go:238.3,238.9 1 0
github.com/triardn/panganggo/handler/endpoints.go:241.2,241.21 1 1
github.com/triardn/panganggo/handler/endpoints.go:244.73,249.14 3 1
github.com/triardn/panganggo/handler/endpoints.go:249.14,251.3 1 0
github.com/triardn/panganggo/handler/endpoints.go:254.2,255.14 2 1
github.com/triardn/panganggo/handler/endpoints.go:255.14,257.3 1 0
github.com/triardn/panganggo/handler/endpoints.go:257.9,259.3 0 1
github.com/triardn/panganggo/handler/endpoints.go:262.2,263.14 2 1
github.com/triardn/panganggo/handler/endpoints.go:263.14,265.3 1 1
github.com/triardn/panganggo/handler/endpoints.go:268.2,268.31 1 1
github.com/triardn/panganggo/handler/endpoints.go:268.31,269.41 1 1
github.com/triardn/panganggo/handler/endpoints.go:269.41,271.4 1 1
github.com/triardn/panganggo/handler/endpoints.go:274.2,274.8 1 1
github.com/triardn/panganggo/handler/server.go:18.47,23.2 1 1
github.com/triardn/panganggo/repository/implementations.go:9.117,11.16 2 0
github.com/triardn/panganggo/repository/implementations.go:11.16,13.3 1 0
github.com/triardn/panganggo/repository/implementations.go:14.2,14.8 1 0
github.com/triardn/panganggo/repository/implementations.go:17.108,20.16 3 1
github.com/triardn/panganggo/repository/implementations.go:20.16,22.3 1 1
github.com/triardn/panganggo/repository/implementations.go:24.2,24.8 1 1
github.com/triardn/panganggo/repository/implementations.go:27.127,29.16 2 1
github.com/triardn/panganggo/repository/implementations.go:29.16,31.3 1 1
github.com/triardn/panganggo/repository/implementations.go:33.2,33.8 1 1
github.com/triardn/panganggo/repository/implementations.go:36.79,39.40 3 1
github.com/triardn/panganggo/repository/implementations.go:39.40,41.3 1 1
github.com/triardn/panganggo/repository/implementations.go:43.2,43.26 1 1
github.com/triardn/panganggo/repository/implementations.go:43.26,46.17 2 1
github.com/triardn/panganggo/repository/implementations.go:46.17,48.4 1 1
github.com/triardn/panganggo/repository/implementations.go:50.3,50.13 1 1
github.com/triardn/panganggo/repository/implementations.go:54.2,55.16 2 1
github.com/triardn/panganggo/repository/implementations.go:55.16,57.3 1 1
github.com/triardn/panganggo/repository/implementations.go:59.2,59.12 1 1
github.com/triardn/panganggo/repository/implementations.go:62.107,65.40 3 1
github.com/triardn/panganggo/repository/implementations.go:65.40,67.3 1 1
github.com/triardn/panganggo/repository/implementations.go:69.2,69.26 1 1
github.com/triardn/panganggo/repository/implementations.go:69.26,71.3 1 1
github.com/triardn/panganggo/repository/implementations.go:73.2,73.18 1 1
github.com/triardn/panganggo/repository/implementations.go:76.109,79.26 2 1
github.com/triardn/panganggo/repository/implementations.go:79.26,81.3 1 1
github.com/triardn/panganggo/repository/implementations.go:83.2,83.29 1 1
github.com/triardn/panganggo/repository/implementations.go:83.29,84.27 1 1
github.com/triardn/panganggo/repository/implementations.go:84.27,86.4 1 1
github.com/triardn/panganggo/repository/implementations.go:86.9,88.4 1 1
github.com/triardn/panganggo/repository/implementations.go:91.2,92.16 2 1
github.com/triardn/panganggo/repository/implementations.go:92.16,94.3 1 1
github.com/triardn/panganggo/repository/implementations.go:96.2,96.18 1 1
github.com/triardn/panganggo/repository/interfaces.mock.gen.go:26.83,30.2 3 0
github.com/triardn/panganggo/repository/interfaces.mock.gen.go:33.81,35.2 1 0
github.com/triardn/panganggo/repository/interfaces.mock.gen.go:38.108,44.2 5 0
github.com/triardn/panganggo/repository/interfaces.mock.gen.go:47.109,50.2 2 0
github.com/triardn/panganggo/repository/interfaces.mock.gen.go:53.119,59.2 5 0
github.com/triardn/panganggo/repository/interfaces.mock.gen.go:62.97,65.2 2 0
github.com/triardn/panganggo/repository/interfaces.mock.gen.go:68.139,74.2 5 0
github.com/triardn/panganggo/repository/interfaces.mock.gen.go:77.117,80.2 2 0
github.com/triardn/panganggo/repository/interfaces.mock.gen.go:83.110,89.2 5 0
github.com/triardn/panganggo/repository/interfaces.mock.gen.go:92.94,95.2 2 0
github.com/triardn/panganggo/repository/interfaces.mock.gen.go:98.92,103.2 4 0
github.com/triardn/panganggo/repository/interfaces.mock.gen.go:106.104,109.2 2 0
github.com/triardn/panganggo/repository/interfaces.mock.gen.go:112.110,118.2 5 0
github.com/triardn/panganggo/repository/interfaces.mock.gen.go:121.99,124.2 2 0
github.com/triardn/panganggo/repository/repository.go:18.59,20.16 2 1
github.com/triardn/panganggo/repository/repository.go:20.16,21.13 1 0
github.com/triardn/panganggo/repository/repository.go:23.2,25.3 1 1
